TN:
SF:src/errors/AppError.ts
FN:6,AppError
FNF:1
FNH:1
FNDA:3,AppError
DA:1,2
DA:2,2
DA:3,2
DA:4,2
DA:5,2
DA:6,2
DA:7,3
DA:8,3
DA:9,3
DA:10,2
LF:10
LH:10
BRDA:1,0,0,2
BRDA:6,1,0,3
BRF:2
BRH:2
end_of_record
TN:
SF:src/modules/accounts/entities/User.ts
FN:30,User
FNF:1
FNH:1
FNDA:2,User
DA:1,1
DA:2,1
DA:3,1
DA:4,1
DA:5,1
DA:6,1
DA:7,1
DA:8,1
DA:9,1
DA:10,1
DA:11,1
DA:12,1
DA:13,1
DA:14,1
DA:15,1
DA:16,1
DA:17,1
DA:18,1
DA:19,1
DA:20,1
DA:21,1
DA:22,1
DA:23,1
DA:24,1
DA:25,1
DA:26,1
DA:27,1
DA:28,1
DA:29,1
DA:30,1
DA:31,2
DA:32,2
DA:33,2
DA:34,2
DA:35,1
LF:35
LH:35
BRDA:5,0,0,1
BRDA:30,1,0,2
BRF:2
BRH:2
end_of_record
TN:
SF:src/modules/accounts/repositories/in-memory/UsersRepositoryInMemory.ts
FN:5,UsersRepository
FN:8,Object.<anonymous>.UsersRepository.findById
FN:14,Object.<anonymous>.UsersRepository.create
FN:32,Object.<anonymous>.UsersRepository.findByEmail
FNF:4
FNH:3
FNDA:3,UsersRepository
FNDA:0,Object.<anonymous>.UsersRepository.findById
FNDA:2,Object.<anonymous>.UsersRepository.create
FNDA:5,Object.<anonymous>.UsersRepository.findByEmail
DA:1,1
DA:2,1
DA:3,1
DA:4,1
DA:5,3
DA:6,3
DA:7,3
DA:8,3
DA:9,0
DA:10,0
DA:11,0
DA:12,0
DA:13,3
DA:14,3
DA:15,2
DA:16,2
DA:17,2
DA:18,2
DA:19,2
DA:20,2
DA:21,2
DA:22,2
DA:23,2
DA:24,2
DA:25,2
DA:26,2
DA:27,2
DA:28,2
DA:29,2
DA:30,2
DA:31,3
DA:32,3
DA:33,5
DA:34,5
DA:35,5
DA:36,5
DA:37,3
LF:37
LH:33
BRDA:5,0,0,1
BRDA:5,1,0,3
BRDA:14,2,0,2
BRDA:32,3,0,5
BRDA:33,4,0,2
BRF:5
BRH:5
end_of_record
TN:
SF:src/modules/accounts/useCases/authenticateUser/AuthenticateUserUseCase.ts
FN:23,AuthenticateUserUseCase
FN:27,Object.<anonymous>.AuthenticateUserUseCase.execute
FNF:2
FNH:2
FNDA:3,AuthenticateUserUseCase
FNDA:3,Object.<anonymous>.AuthenticateUserUseCase.execute
DA:1,1
DA:2,1
DA:3,1
DA:4,1
DA:5,1
DA:6,1
DA:7,1
DA:8,1
DA:9,1
DA:10,1
DA:11,1
DA:12,1
DA:13,1
DA:14,1
DA:15,1
DA:16,1
DA:17,1
DA:18,1
DA:19,1
DA:20,1
DA:21,1
DA:22,1
DA:23,1
DA:24,3
DA:25,3
DA:26,3
DA:27,1
DA:28,3
DA:29,3
DA:30,3
DA:31,3
DA:32,1
DA:33,1
DA:34,2
DA:35,2
DA:36,2
DA:37,3
DA:38,3
DA:39,1
DA:40,1
DA:41,1
DA:42,1
DA:43,1
DA:44,1
DA:45,1
DA:46,1
DA:47,1
DA:48,1
DA:49,1
DA:50,1
DA:51,1
DA:52,1
DA:53,1
DA:54,1
DA:55,1
DA:56,3
DA:57,1
LF:57
LH:57
BRDA:22,0,0,1
BRDA:23,1,0,3
BRDA:27,2,0,3
BRDA:29,3,0,3
BRDA:31,4,0,1
BRDA:34,5,0,2
BRDA:38,6,0,1
BRF:7
BRH:7
end_of_record
TN:
SF:src/modules/accounts/useCases/createUser/CreateUserUseCase.ts
FN:16,CreateUserUseCase
FN:21,Object.<anonymous>.CreateUserUseCase.execute
FNF:2
FNH:2
FNDA:3,CreateUserUseCase
FNDA:2,Object.<anonymous>.CreateUserUseCase.execute
DA:1,1
DA:2,1
DA:3,1
DA:4,1
DA:5,1
DA:6,1
DA:7,1
DA:8,1
DA:9,1
DA:10,1
DA:11,1
DA:12,1
DA:13,1
DA:14,1
DA:15,1
DA:16,1
DA:17,3
DA:18,3
DA:19,3
DA:20,1
DA:21,1
DA:22,2
DA:23,2
DA:24,2
DA:25,2
DA:26,2
DA:27,2
DA:28,2
DA:29,2
DA:30,0
DA:31,0
DA:32,2
DA:33,2
DA:34,2
DA:35,2
DA:36,2
DA:37,2
DA:38,2
DA:39,2
DA:40,2
DA:41,2
DA:42,1
LF:42
LH:40
BRDA:15,0,0,1
BRDA:16,1,0,3
BRDA:21,2,0,2
BRDA:27,3,0,2
BRDA:29,4,0,0
BRF:5
BRH:4
end_of_record
TN:
SF:src/modules/cars/entities/Category.ts
FN:18,Category
FNF:1
FNH:1
FNDA:2,Category
DA:1,1
DA:2,1
DA:3,1
DA:4,1
DA:5,1
DA:6,1
DA:7,1
DA:8,1
DA:9,1
DA:10,1
DA:11,1
DA:12,1
DA:13,1
DA:14,1
DA:15,1
DA:16,1
DA:17,1
DA:18,1
DA:19,2
DA:20,2
DA:21,2
DA:22,2
DA:23,1
LF:23
LH:23
BRDA:5,0,0,1
BRDA:18,1,0,2
BRF:2
BRH:2
end_of_record
TN:
SF:src/modules/cars/repositories/in-memory/CategoriesRepositorInMemory.ts
FN:5,CategoryRepositorInMemory
FN:8,Object.<anonymous>.CategoryRepositorInMemory.create
FN:18,Object.<anonymous>.CategoryRepositorInMemory.list
FN:23,Object.<anonymous>.CategoryRepositorInMemory.findByName
FNF:4
FNH:3
FNDA:2,CategoryRepositorInMemory
FNDA:2,Object.<anonymous>.CategoryRepositorInMemory.create
FNDA:0,Object.<anonymous>.CategoryRepositorInMemory.list
FNDA:4,Object.<anonymous>.CategoryRepositorInMemory.findByName
DA:1,1
DA:2,1
DA:3,1
DA:4,1
DA:5,2
DA:6,2
DA:7,2
DA:8,2
DA:9,2
DA:10,2
DA:11,2
DA:12,2
DA:13,2
DA:14,2
DA:15,2
DA:16,2
DA:17,2
DA:18,2
DA:19,0
DA:20,0
DA:21,0
DA:22,2
DA:23,2
DA:24,4
DA:25,4
DA:26,4
DA:27,4
DA:28,2
LF:28
LH:25
BRDA:5,0,0,1
BRDA:5,1,0,2
BRDA:8,2,0,2
BRDA:23,3,0,4
BRDA:24,4,0,2
BRF:5
BRH:5
end_of_record
TN:
SF:src/modules/cars/useCases/createCategory/CreateCategoryUseCase.ts
FN:12,CreateCategoryUseCase
FN:17,Object.<anonymous>.CreateCategoryUseCase.execute
FNF:2
FNH:2
FNDA:2,CreateCategoryUseCase
FNDA:3,Object.<anonymous>.CreateCategoryUseCase.execute
DA:1,1
DA:2,1
DA:3,1
DA:4,1
DA:5,1
DA:6,1
DA:7,1
DA:8,1
DA:9,1
DA:10,1
DA:11,1
DA:12,1
DA:13,2
DA:14,2
DA:15,2
DA:16,1
DA:17,1
DA:18,3
DA:19,3
DA:20,3
DA:21,3
DA:22,3
DA:23,1
DA:24,1
DA:25,2
DA:26,3
DA:27,1
LF:27
LH:27
BRDA:11,0,0,1
BRDA:12,1,0,2
BRDA:17,2,0,3
BRDA:18,3,0,3
BRDA:22,4,0,1
BRDA:25,5,0,2
BRF:6
BRH:6
end_of_record
